<?xml version="1.0" encoding="UTF-8"?>
<!-- Generated by org.testng.reporters.JUnitXMLReporter -->
<testsuite ignored="0" hostname="MSI" failures="0" tests="10" name="Command line test" time="17.883" errors="0" timestamp="27 Apr 2023 03:57:57 GMT">
  <testcase classname="JawwyEgyTest" name="tc01_trialCostEgy" time="6.27"/>
  <testcase classname="JawwyEgyTest" name="tc02_litePlanIsAvailable" time="0.961"/>
  <testcase classname="JawwyEgyTest" name="tc03_LitePlanCost" time="0.98"/>
  <testcase classname="JawwyEgyTest" name="tc04_LitePlanCurrency" time="0.973"/>
  <testcase classname="JawwyEgyTest" name="tc05_classicPlanIsAvailable" time="0.814"/>
  <testcase classname="JawwyEgyTest" name="tc06_classicPlanCost" time="0.86"/>
  <testcase classname="JawwyEgyTest" name="tc07_classicPlanCurrency" time="0.88"/>
  <testcase classname="JawwyEgyTest" name="tc08_premiumPlanIsAvailable" time="0.768"/>
  <testcase classname="JawwyEgyTest" name="tc09_premiumPlanCost" time="0.876"/>
  <testcase classname="JawwyEgyTest" name="tc10_classicPlanCurrency" time="0.874"/>
</testsuite> <!-- Command line test -->
